This is pdfTeX, Version 3.141592653-2.6-1.40.24 (TeX Live 2022) (preloaded format=pdflatex 2022.8.29)  20 OCT 2022 16:38
entering extended mode
 restricted \write18 enabled.
 %&-line parsing enabled.
**_main.tex
(./_main.tex
LaTeX2e <2021-11-15> patch level 1
L3 programming layer <2022-02-24> (/usr/local/texlive/2022/texmf-dist/tex/latex
/base/book.cls
Document Class: book 2021/10/04 v1.4n Standard LaTeX document class
(/usr/local/texlive/2022/texmf-dist/tex/latex/base/bk10.clo
File: bk10.clo 2021/10/04 v1.4n Standard LaTeX file (size option)
)
\c@part=\count185
\c@chapter=\count186
\c@section=\count187
\c@subsection=\count188
\c@subsubsection=\count189
\c@paragraph=\count190
\c@subparagraph=\count191
\c@figure=\count192
\c@table=\count193
\abovecaptionskip=\skip47
\belowcaptionskip=\skip48
\bibindent=\dimen138
) (/usr/local/texlive/2022/texmf-dist/tex/latex/amsmath/amsmath.sty
Package: amsmath 2021/10/15 v2.17l AMS math features
\@mathmargin=\skip49
For additional information on amsmath, use the `?' option.
(/usr/local/texlive/2022/texmf-dist/tex/latex/amsmath/amstext.sty
Package: amstext 2021/08/26 v2.01 AMS text
(/usr/local/texlive/2022/texmf-dist/tex/latex/amsmath/amsgen.sty
File: amsgen.sty 1999/11/30 v2.0 generic functions
\@emptytoks=\toks16
\ex@=\dimen139
)) (/usr/local/texlive/2022/texmf-dist/tex/latex/amsmath/amsbsy.sty
Package: amsbsy 1999/11/29 v1.2d Bold Symbols
\pmbraise@=\dimen140
) (/usr/local/texlive/2022/texmf-dist/tex/latex/amsmath/amsopn.sty
Package: amsopn 2021/08/26 v2.02 operator names
)
\inf@bad=\count194
LaTeX Info: Redefining \frac on input line 234.
\uproot@=\count195
\leftroot@=\count196
LaTeX Info: Redefining \overline on input line 399.
\classnum@=\count197
\DOTSCASE@=\count198
LaTeX Info: Redefining \ldots on input line 496.
LaTeX Info: Redefining \dots on input line 499.
LaTeX Info: Redefining \cdots on input line 620.
\Mathstrutbox@=\box50
\strutbox@=\box51
\big@size=\dimen141
LaTeX Font Info:    Redeclaring font encoding OML on input line 743.
LaTeX Font Info:    Redeclaring font encoding OMS on input line 744.
\macc@depth=\count199
\c@MaxMatrixCols=\count266
\dotsspace@=\muskip16
\c@parentequation=\count267
\dspbrk@lvl=\count268
\tag@help=\toks17
\row@=\count269
\column@=\count270
\maxfields@=\count271
\andhelp@=\toks18
\eqnshift@=\dimen142
\alignsep@=\dimen143
\tagshift@=\dimen144
\tagwidth@=\dimen145
\totwidth@=\dimen146
\lineht@=\dimen147
\@envbody=\toks19
\multlinegap=\skip50
\multlinetaggap=\skip51
\mathdisplay@stack=\toks20
LaTeX Info: Redefining \[ on input line 2938.
LaTeX Info: Redefining \] on input line 2939.
) (/usr/local/texlive/2022/texmf-dist/tex/latex/amsfonts/amssymb.sty
Package: amssymb 2013/01/14 v3.01 AMS font symbols
(/usr/local/texlive/2022/texmf-dist/tex/latex/amsfonts/amsfonts.sty
Package: amsfonts 2013/01/14 v3.01 Basic AMSFonts support
\symAMSa=\mathgroup4
\symAMSb=\mathgroup5
LaTeX Font Info:    Redeclaring math symbol \hbar on input line 98.
LaTeX Font Info:    Overwriting math alphabet `\mathfrak' in version `bold'
(Font)                  U/euf/m/n --> U/euf/b/n on input line 106.
)) (/usr/local/texlive/2022/texmf-dist/tex/latex/lm/lmodern.sty
Package: lmodern 2015/05/01 v1.6.1 Latin Modern Fonts
LaTeX Font Info:    Overwriting symbol font `operators' in version `normal'
(Font)                  OT1/cmr/m/n --> OT1/lmr/m/n on input line 22.
LaTeX Font Info:    Overwriting symbol font `letters' in version `normal'
(Font)                  OML/cmm/m/it --> OML/lmm/m/it on input line 23.
LaTeX Font Info:    Overwriting symbol font `symbols' in version `normal'
(Font)                  OMS/cmsy/m/n --> OMS/lmsy/m/n on input line 24.
LaTeX Font Info:    Overwriting symbol font `largesymbols' in version `normal'
(Font)                  OMX/cmex/m/n --> OMX/lmex/m/n on input line 25.
LaTeX Font Info:    Overwriting symbol font `operators' in version `bold'
(Font)                  OT1/cmr/bx/n --> OT1/lmr/bx/n on input line 26.
LaTeX Font Info:    Overwriting symbol font `letters' in version `bold'
(Font)                  OML/cmm/b/it --> OML/lmm/b/it on input line 27.
LaTeX Font Info:    Overwriting symbol font `symbols' in version `bold'
(Font)                  OMS/cmsy/b/n --> OMS/lmsy/b/n on input line 28.
LaTeX Font Info:    Overwriting symbol font `largesymbols' in version `bold'
(Font)                  OMX/cmex/m/n --> OMX/lmex/m/n on input line 29.
LaTeX Font Info:    Overwriting math alphabet `\mathbf' in version `normal'
(Font)                  OT1/cmr/bx/n --> OT1/lmr/bx/n on input line 31.
LaTeX Font Info:    Overwriting math alphabet `\mathsf' in version `normal'
(Font)                  OT1/cmss/m/n --> OT1/lmss/m/n on input line 32.
LaTeX Font Info:    Overwriting math alphabet `\mathit' in version `normal'
(Font)                  OT1/cmr/m/it --> OT1/lmr/m/it on input line 33.
LaTeX Font Info:    Overwriting math alphabet `\mathtt' in version `normal'
(Font)                  OT1/cmtt/m/n --> OT1/lmtt/m/n on input line 34.
LaTeX Font Info:    Overwriting math alphabet `\mathbf' in version `bold'
(Font)                  OT1/cmr/bx/n --> OT1/lmr/bx/n on input line 35.
LaTeX Font Info:    Overwriting math alphabet `\mathsf' in version `bold'
(Font)                  OT1/cmss/bx/n --> OT1/lmss/bx/n on input line 36.
LaTeX Font Info:    Overwriting math alphabet `\mathit' in version `bold'
(Font)                  OT1/cmr/bx/it --> OT1/lmr/bx/it on input line 37.
LaTeX Font Info:    Overwriting math alphabet `\mathtt' in version `bold'
(Font)                  OT1/cmtt/m/n --> OT1/lmtt/m/n on input line 38.
) (/usr/local/texlive/2022/texmf-dist/tex/generic/iftex/iftex.sty
Package: iftex 2022/02/03 v1.0f TeX engine tests
) (/usr/local/texlive/2022/texmf-dist/tex/latex/base/fontenc.sty
Package: fontenc 2021/04/29 v2.0v Standard LaTeX package
LaTeX Font Info:    Trying to load font information for T1+lmr on input line 11
2.
(/usr/local/texlive/2022/texmf-dist/tex/latex/lm/t1lmr.fd
File: t1lmr.fd 2015/05/01 v1.6.1 Font defs for Latin Modern
)) (/usr/local/texlive/2022/texmf-dist/tex/latex/base/inputenc.sty
Package: inputenc 2021/02/14 v1.3d Input encoding file
\inpenc@prehook=\toks21
\inpenc@posthook=\toks22
) (/usr/local/texlive/2022/texmf-dist/tex/latex/base/textcomp.sty
Package: textcomp 2020/02/02 v2.0n Standard LaTeX package
) (/usr/local/texlive/2022/texmf-dist/tex/latex/upquote/upquote.sty
Package: upquote 2012/04/19 v1.3 upright-quote and grave-accent glyphs in verba
tim
) (/usr/local/texlive/2022/texmf-dist/tex/latex/microtype/microtype.sty
Package: microtype 2022/03/14 v3.0d Micro-typographical refinements (RS)
(/usr/local/texlive/2022/texmf-dist/tex/latex/graphics/keyval.sty
Package: keyval 2014/10/28 v1.15 key=value parser (DPC)
\KV@toks@=\toks23
) (/usr/local/texlive/2022/texmf-dist/tex/latex/etoolbox/etoolbox.sty
Package: etoolbox 2020/10/05 v2.5k e-TeX tools for LaTeX (JAW)
\etb@tempcnta=\count272
)
\MT@toks=\toks24
\MT@tempbox=\box52
\MT@count=\count273
LaTeX Info: Redefining \noprotrusionifhmode on input line 1027.
LaTeX Info: Redefining \leftprotrusion on input line 1028.
LaTeX Info: Redefining \rightprotrusion on input line 1036.
LaTeX Info: Redefining \textls on input line 1195.
\MT@outer@kern=\dimen148
LaTeX Info: Redefining \textmicrotypecontext on input line 1781.
\MT@listname@count=\count274
(/usr/local/texlive/2022/texmf-dist/tex/latex/microtype/microtype-pdftex.def
File: microtype-pdftex.def 2022/03/14 v3.0d Definitions specific to pdftex (RS)

LaTeX Info: Redefining \lsstyle on input line 900.
LaTeX Info: Redefining \lslig on input line 900.
\MT@outer@space=\skip52
)
Package microtype Info: Loading configuration file microtype.cfg.
(/usr/local/texlive/2022/texmf-dist/tex/latex/microtype/microtype.cfg
File: microtype.cfg 2022/03/14 v3.0d microtype main configuration file (RS)
)) (/usr/local/texlive/2022/texmf-dist/tex/latex/parskip/parskip.sty
Package: parskip 2021-03-14 v2.0h non-zero parskip adjustments
(/usr/local/texlive/2022/texmf-dist/tex/latex/kvoptions/kvoptions.sty
Package: kvoptions 2020-10-07 v3.14 Key value format for package options (HO)
(/usr/local/texlive/2022/texmf-dist/tex/generic/ltxcmds/ltxcmds.sty
Package: ltxcmds 2020-05-10 v1.25 LaTeX kernel commands for general use (HO)
) (/usr/local/texlive/2022/texmf-dist/tex/generic/kvsetkeys/kvsetkeys.sty
Package: kvsetkeys 2019/12/15 v1.18 Key value parser (HO)
))) (/usr/local/texlive/2022/texmf-dist/tex/latex/xcolor/xcolor.sty
Package: xcolor 2021/10/31 v2.13 LaTeX color extensions (UK)
(/usr/local/texlive/2022/texmf-dist/tex/latex/graphics-cfg/color.cfg
File: color.cfg 2016/01/02 v1.6 sample color configuration
)
Package xcolor Info: Driver file: pdftex.def on input line 227.
(/usr/local/texlive/2022/texmf-dist/tex/latex/graphics-def/pdftex.def
File: pdftex.def 2020/10/05 v1.2a Graphics/color driver for pdftex
)
Package xcolor Info: Model `cmy' substituted by `cmy0' on input line 1352.
Package xcolor Info: Model `hsb' substituted by `rgb' on input line 1356.
Package xcolor Info: Model `RGB' extended on input line 1368.
Package xcolor Info: Model `HTML' substituted by `rgb' on input line 1370.
Package xcolor Info: Model `Hsb' substituted by `hsb' on input line 1371.
Package xcolor Info: Model `tHsb' substituted by `hsb' on input line 1372.
Package xcolor Info: Model `HSB' substituted by `hsb' on input line 1373.
Package xcolor Info: Model `Gray' substituted by `gray' on input line 1374.
Package xcolor Info: Model `wave' substituted by `hsb' on input line 1375.
) (/usr/local/texlive/2022/texmf-dist/tex/latex/fancyvrb/fancyvrb.sty
Package: fancyvrb 2021/12/21 4.1b verbatim text (tvz,hv)
\FV@CodeLineNo=\count275
\FV@InFile=\read2
\FV@TabBox=\box53
\c@FancyVerbLine=\count276
\FV@StepNumber=\count277
\FV@OutFile=\write3
) (/usr/local/texlive/2022/texmf-dist/tex/latex/framed/framed.sty
Package: framed 2011/10/22 v 0.96: framed or shaded text with page breaks
\OuterFrameSep=\skip53
\fb@frw=\dimen149
\fb@frh=\dimen150
\FrameRule=\dimen151
\FrameSep=\dimen152
) (/usr/local/texlive/2022/texmf-dist/tex/latex/tools/longtable.sty
Package: longtable 2021-09-01 v4.17 Multi-page Table package (DPC)
\LTleft=\skip54
\LTright=\skip55
\LTpre=\skip56
\LTpost=\skip57
\LTchunksize=\count278
\LTcapwidth=\dimen153
\LT@head=\box54
\LT@firsthead=\box55
\LT@foot=\box56
\LT@lastfoot=\box57
\LT@gbox=\box58
\LT@cols=\count279
\LT@rows=\count280
\c@LT@tables=\count281
\c@LT@chunks=\count282
\LT@p@ftn=\toks25
) (/usr/local/texlive/2022/texmf-dist/tex/latex/booktabs/booktabs.sty
Package: booktabs 2020/01/12 v1.61803398 Publication quality tables
\heavyrulewidth=\dimen154
\lightrulewidth=\dimen155
\cmidrulewidth=\dimen156
\belowrulesep=\dimen157
\belowbottomsep=\dimen158
\aboverulesep=\dimen159
\abovetopsep=\dimen160
\cmidrulesep=\dimen161
\cmidrulekern=\dimen162
\defaultaddspace=\dimen163
\@cmidla=\count283
\@cmidlb=\count284
\@aboverulesep=\dimen164
\@belowrulesep=\dimen165
\@thisruleclass=\count285
\@lastruleclass=\count286
\@thisrulewidth=\dimen166
) (/usr/local/texlive/2022/texmf-dist/tex/latex/tools/array.sty
Package: array 2021/10/04 v2.5f Tabular extension package (FMi)
\col@sep=\dimen167
\ar@mcellbox=\box59
\extrarowheight=\dimen168
\NC@list=\toks26
\extratabsurround=\skip58
\backup@length=\skip59
\ar@cellbox=\box60
) (/usr/local/texlive/2022/texmf-dist/tex/latex/tools/calc.sty
Package: calc 2017/05/25 v4.3 Infix arithmetic (KKT,FJ)
\calc@Acount=\count287
\calc@Bcount=\count288
\calc@Adimen=\dimen169
\calc@Bdimen=\dimen170
\calc@Askip=\skip60
\calc@Bskip=\skip61
LaTeX Info: Redefining \setlength on input line 80.
LaTeX Info: Redefining \addtolength on input line 81.
\calc@Ccount=\count289
\calc@Cskip=\skip62
) (/usr/local/texlive/2022/texmf-dist/tex/latex/footnotehyper/footnotehyper.sty
Package: footnotehyper 2021/08/13 v1.1e hyperref aware footnote.sty (JFB)
\FNH@notes=\box61
\FNH@width=\dimen171
\FNH@toks=\toks27
) (/usr/local/texlive/2022/texmf-dist/tex/latex/graphics/graphicx.sty
Package: graphicx 2021/09/16 v1.2d Enhanced LaTeX Graphics (DPC,SPQR)
(/usr/local/texlive/2022/texmf-dist/tex/latex/graphics/graphics.sty
Package: graphics 2021/03/04 v1.4d Standard LaTeX Graphics (DPC,SPQR)
(/usr/local/texlive/2022/texmf-dist/tex/latex/graphics/trig.sty
Package: trig 2021/08/11 v1.11 sin cos tan (DPC)
) (/usr/local/texlive/2022/texmf-dist/tex/latex/graphics-cfg/graphics.cfg
File: graphics.cfg 2016/06/04 v1.11 sample graphics configuration
)
Package graphics Info: Driver file: pdftex.def on input line 107.
)
\Gin@req@height=\dimen172
\Gin@req@width=\dimen173
)
\cslhangindent=\skip63
\csllabelwidth=\skip64
\cslentryspacingunit=\skip65
(/usr/local/texlive/2022/texmf-dist/tex/latex/multirow/multirow.sty
Package: multirow 2021/03/15 v2.8 Span multiple rows of a table
\multirow@colwidth=\skip66
\multirow@cntb=\count290
\multirow@dima=\skip67
\bigstrutjot=\dimen174
) (/usr/local/texlive/2022/texmf-dist/tex/latex/wrapfig/wrapfig.sty
\wrapoverhang=\dimen175
\WF@size=\dimen176
\c@WF@wrappedlines=\count291
\WF@box=\box62
\WF@everypar=\toks28
Package: wrapfig 2003/01/31  v 3.6
) (/usr/local/texlive/2022/texmf-dist/tex/latex/float/float.sty
Package: float 2001/11/08 v1.3d Float enhancements (AL)
\c@float@type=\count292
\float@exts=\toks29
\float@box=\box63
\@float@everytoks=\toks30
\@floatcapt=\box64
) (/usr/local/texlive/2022/texmf-dist/tex/latex/colortbl/colortbl.sty
Package: colortbl 2020/01/04 v1.0e Color table columns (DPC)
\everycr=\toks31
\minrowclearance=\skip68
) (/usr/local/texlive/2022/texmf-dist/tex/latex/pdflscape/pdflscape.sty
Package: pdflscape 2019/12/05 v0.12 Display of landscape pages in PDF (HO)
(/usr/local/texlive/2022/texmf-dist/tex/latex/graphics/lscape.sty
Package: lscape 2020/05/28 v3.02 Landscape Pages (DPC)
)
Package pdflscape Info: Auto-detected driver: pdftex on input line 81.
) (/usr/local/texlive/2022/texmf-dist/tex/latex/tabu/tabu.sty
Package: tabu 2019/01/11 v2.9 - flexible LaTeX tabulars (FC+tabu-fixed)
(/usr/local/texlive/2022/texmf-dist/tex/latex/varwidth/varwidth.sty
Package: varwidth 2009/03/30 ver 0.92;  Variable-width minipages
\@vwid@box=\box65
\sift@deathcycles=\count293
\@vwid@loff=\dimen177
\@vwid@roff=\dimen178
)
\c@taburow=\count294
\tabu@nbcols=\count295
\tabu@cnt=\count296
\tabu@Xcol=\count297
\tabu@alloc=\count298
\tabu@nested=\count299
\tabu@target=\dimen179
\tabu@spreadtarget=\dimen180
\tabu@naturalX=\dimen181
\tabucolX=\dimen182
\tabu@Xsum=\dimen183
\extrarowdepth=\dimen184
\abovetabulinesep=\dimen185
\belowtabulinesep=\dimen186
\tabustrutrule=\dimen187
\tabu@thebody=\toks32
\tabu@footnotes=\toks33
\tabu@box=\box66
\tabu@arstrutbox=\box67
\tabu@hleads=\box68
\tabu@vleads=\box69
\tabu@cellskip=\skip69
)
(/usr/local/texlive/2022/texmf-dist/tex/latex/threeparttable/threeparttable.sty
Package: threeparttable 2003/06/13  v 3.0
\@tempboxb=\box70
)
(/usr/local/texlive/2022/texmf-dist/tex/latex/threeparttablex/threeparttablex.s
ty
Package: threeparttablex 2013/07/23 v0.3 by daleif
(/usr/local/texlive/2022/texmf-dist/tex/latex/environ/environ.sty
Package: environ 2014/05/04 v0.3 A new way to define environments
(/usr/local/texlive/2022/texmf-dist/tex/latex/trimspaces/trimspaces.sty
Package: trimspaces 2009/09/17 v1.1 Trim spaces around a token list
))
\TPTL@width=\skip70
) (/usr/local/texlive/2022/texmf-dist/tex/generic/ulem/ulem.sty
\UL@box=\box71
\UL@hyphenbox=\box72
\UL@skip=\skip71
\UL@hook=\toks34
\UL@height=\dimen188
\UL@pe=\count300
\UL@pixel=\dimen189
\ULC@box=\box73
Package: ulem 2019/11/18
\ULdepth=\dimen190
) (/usr/local/texlive/2022/texmf-dist/tex/latex/makecell/makecell.sty
Package: makecell 2009/08/03 V0.1e Managing of Tab Column Heads and Cells
\rotheadsize=\dimen191
\c@nlinenum=\count301
\TeXr@lab=\toks35
) (/usr/local/texlive/2022/texmf-dist/tex/latex/bookmark/bookmark.sty
Package: bookmark 2020-11-06 v1.29 PDF bookmarks (HO)
(/usr/local/texlive/2022/texmf-dist/tex/latex/hyperref/hyperref.sty
Package: hyperref 2022-02-21 v7.00n Hypertext links for LaTeX
(/usr/local/texlive/2022/texmf-dist/tex/generic/pdftexcmds/pdftexcmds.sty
Package: pdftexcmds 2020-06-27 v0.33 Utility functions of pdfTeX for LuaTeX (HO
)
(/usr/local/texlive/2022/texmf-dist/tex/generic/infwarerr/infwarerr.sty
Package: infwarerr 2019/12/03 v1.5 Providing info/warning/error messages (HO)
)
Package pdftexcmds Info: \pdf@primitive is available.
Package pdftexcmds Info: \pdf@ifprimitive is available.
Package pdftexcmds Info: \pdfdraftmode found.
) (/usr/local/texlive/2022/texmf-dist/tex/generic/kvdefinekeys/kvdefinekeys.sty
Package: kvdefinekeys 2019-12-19 v1.6 Define keys (HO)
) (/usr/local/texlive/2022/texmf-dist/tex/generic/pdfescape/pdfescape.sty
Package: pdfescape 2019/12/09 v1.15 Implements pdfTeX's escape features (HO)
) (/usr/local/texlive/2022/texmf-dist/tex/latex/hycolor/hycolor.sty
Package: hycolor 2020-01-27 v1.10 Color options for hyperref/bookmark (HO)
) (/usr/local/texlive/2022/texmf-dist/tex/latex/letltxmacro/letltxmacro.sty
Package: letltxmacro 2019/12/03 v1.6 Let assignment for LaTeX macros (HO)
) (/usr/local/texlive/2022/texmf-dist/tex/latex/auxhook/auxhook.sty
Package: auxhook 2019-12-17 v1.6 Hooks for auxiliary files (HO)
)
\@linkdim=\dimen192
\Hy@linkcounter=\count302
\Hy@pagecounter=\count303
(/usr/local/texlive/2022/texmf-dist/tex/latex/hyperref/pd1enc.def
File: pd1enc.def 2022-02-21 v7.00n Hyperref: PDFDocEncoding definition (HO)
Now handling font encoding PD1 ...
... no UTF-8 mapping file for font encoding PD1
) (/usr/local/texlive/2022/texmf-dist/tex/generic/intcalc/intcalc.sty
Package: intcalc 2019/12/15 v1.3 Expandable calculations with integers (HO)
) (/usr/local/texlive/2022/texmf-dist/tex/generic/etexcmds/etexcmds.sty
Package: etexcmds 2019/12/15 v1.7 Avoid name clashes with e-TeX commands (HO)
)
\Hy@SavedSpaceFactor=\count304
(/usr/local/texlive/2022/texmf-dist/tex/latex/hyperref/puenc.def
File: puenc.def 2022-02-21 v7.00n Hyperref: PDF Unicode definition (HO)
Now handling font encoding PU ...
... no UTF-8 mapping file for font encoding PU
)
Package hyperref Info: Option `unicode' set `true' on input line 4018.
Package hyperref Info: Hyper figures OFF on input line 4137.
Package hyperref Info: Link nesting OFF on input line 4142.
Package hyperref Info: Hyper index ON on input line 4145.
Package hyperref Info: Plain pages OFF on input line 4152.
Package hyperref Info: Backreferencing OFF on input line 4157.
Package hyperref Info: Implicit mode ON; LaTeX internals redefined.
Package hyperref Info: Bookmarks ON on input line 4390.
\c@Hy@tempcnt=\count305
(/usr/local/texlive/2022/texmf-dist/tex/latex/url/url.sty
\Urlmuskip=\muskip17
Package: url 2013/09/16  ver 3.4  Verb mode for urls, etc.
)
LaTeX Info: Redefining \url on input line 4749.
\XeTeXLinkMargin=\dimen193
(/usr/local/texlive/2022/texmf-dist/tex/generic/bitset/bitset.sty
Package: bitset 2019/12/09 v1.3 Handle bit-vector datatype (HO)
(/usr/local/texlive/2022/texmf-dist/tex/generic/bigintcalc/bigintcalc.sty
Package: bigintcalc 2019/12/15 v1.5 Expandable calculations on big integers (HO
)
))
\Fld@menulength=\count306
\Field@Width=\dimen194
\Fld@charsize=\dimen195
Package hyperref Info: Hyper figures OFF on input line 6027.
Package hyperref Info: Link nesting OFF on input line 6032.
Package hyperref Info: Hyper index ON on input line 6035.
Package hyperref Info: backreferencing OFF on input line 6042.
Package hyperref Info: Link coloring OFF on input line 6047.
Package hyperref Info: Link coloring with OCG OFF on input line 6052.
Package hyperref Info: PDF/A mode OFF on input line 6057.
LaTeX Info: Redefining \ref on input line 6097.
LaTeX Info: Redefining \pageref on input line 6101.
(/usr/local/texlive/2022/texmf-dist/tex/latex/base/atbegshi-ltx.sty
Package: atbegshi-ltx 2021/01/10 v1.0c Emulation of the original atbegshi
package with kernel methods
)
\Hy@abspage=\count307
\c@Item=\count308
\c@Hfootnote=\count309
)
Package hyperref Info: Driver (autodetected): hpdftex.
(/usr/local/texlive/2022/texmf-dist/tex/latex/hyperref/hpdftex.def
File: hpdftex.def 2022-02-21 v7.00n Hyperref driver for pdfTeX
(/usr/local/texlive/2022/texmf-dist/tex/latex/base/atveryend-ltx.sty
Package: atveryend-ltx 2020/08/19 v1.0a Emulation of the original atveryend pac
kage
with kernel methods
)
\Fld@listcount=\count310
\c@bookmark@seq@number=\count311

(/usr/local/texlive/2022/texmf-dist/tex/latex/rerunfilecheck/rerunfilecheck.sty
Package: rerunfilecheck 2019/12/05 v1.9 Rerun checks for auxiliary files (HO)

(/usr/local/texlive/2022/texmf-dist/tex/generic/uniquecounter/uniquecounter.sty
Package: uniquecounter 2019/12/15 v1.4 Provide unlimited unique counter (HO)
)
Package uniquecounter Info: New unique counter `rerunfilecheck' on input line 2
86.
)
\Hy@SectionHShift=\skip72
) (/usr/local/texlive/2022/texmf-dist/tex/latex/bookmark/bkm-pdftex.def
File: bkm-pdftex.def 2020-11-06 v1.29 bookmark driver for pdfTeX (HO)
\BKM@id=\count312
)) (/usr/local/texlive/2022/texmf-dist/tex/latex/xurl/xurl.sty
Package: xurl 2022/01/09 v 0.10 modify URL breaks
) (/usr/local/texlive/2022/texmf-dist/tex/latex/l3backend/l3backend-pdftex.def
File: l3backend-pdftex.def 2022-02-07 L3 backend support: PDF output (pdfTeX)
\l__color_backend_stack_int=\count313
\l__pdf_internal_box=\box74
) (./_main.aux)
\openout1 = `_main.aux'.

LaTeX Font Info:    Checking defaults for OML/cmm/m/it on input line 156.
LaTeX Font Info:    ... okay on input line 156.
LaTeX Font Info:    Checking defaults for OMS/cmsy/m/n on input line 156.
LaTeX Font Info:    ... okay on input line 156.
LaTeX Font Info:    Checking defaults for OT1/cmr/m/n on input line 156.
LaTeX Font Info:    ... okay on input line 156.
LaTeX Font Info:    Checking defaults for T1/cmr/m/n on input line 156.
LaTeX Font Info:    ... okay on input line 156.
LaTeX Font Info:    Checking defaults for TS1/cmr/m/n on input line 156.
LaTeX Font Info:    ... okay on input line 156.
LaTeX Font Info:    Checking defaults for OMX/cmex/m/n on input line 156.
LaTeX Font Info:    ... okay on input line 156.
LaTeX Font Info:    Checking defaults for U/cmr/m/n on input line 156.
LaTeX Font Info:    ... okay on input line 156.
LaTeX Font Info:    Checking defaults for PD1/pdf/m/n on input line 156.
LaTeX Font Info:    ... okay on input line 156.
LaTeX Font Info:    Checking defaults for PU/pdf/m/n on input line 156.
LaTeX Font Info:    ... okay on input line 156.
LaTeX Info: Redefining \microtypecontext on input line 156.
Package microtype Info: Applying patch `item' on input line 156.
Package microtype Info: Applying patch `toc' on input line 156.
Package microtype Info: Applying patch `eqnum' on input line 156.
Package microtype Info: Applying patch `footnote' on input line 156.
Package microtype Info: Generating PDF output.
Package microtype Info: Character protrusion enabled (level 2).
Package microtype Info: Using protrusion set `basicmath'.
Package microtype Info: Automatic font expansion enabled (level 2),
(microtype)             stretch: 20, shrink: 20, step: 1, non-selected.
Package microtype Info: Using default expansion set `alltext-nott'.
LaTeX Info: Redefining \showhyphens on input line 156.
Package microtype Info: No adjustment of tracking.
Package microtype Info: No adjustment of interword spacing.
Package microtype Info: No adjustment of character kerning.
(/usr/local/texlive/2022/texmf-dist/tex/latex/microtype/mt-cmr.cfg
File: mt-cmr.cfg 2013/05/19 v2.2 microtype config. file: Computer Modern Roman 
(RS)
) (/usr/local/texlive/2022/texmf-dist/tex/context/base/mkii/supp-pdf.mkii
[Loading MPS to PDF converter (version 2006.09.02).]
\scratchcounter=\count314
\scratchdimen=\dimen196
\scratchbox=\box75
\nofMPsegments=\count315
\nofMParguments=\count316
\everyMPshowfont=\toks36
\MPscratchCnt=\count317
\MPscratchDim=\dimen197
\MPnumerator=\count318
\makeMPintoPDFobject=\count319
\everyMPtoPDFconversion=\toks37
) (/usr/local/texlive/2022/texmf-dist/tex/latex/epstopdf-pkg/epstopdf-base.sty
Package: epstopdf-base 2020-01-24 v2.11 Base part for package epstopdf
Package epstopdf-base Info: Redefining graphics rule for `.eps' on input line 4
85.
(/usr/local/texlive/2022/texmf-dist/tex/latex/latexconfig/epstopdf-sys.cfg
File: epstopdf-sys.cfg 2010/07/13 v1.3 Configuration of (r)epstopdf for TeX Liv
e
))
Package hyperref Info: Link coloring OFF on input line 156.
(/usr/local/texlive/2022/texmf-dist/tex/latex/hyperref/nameref.sty
Package: nameref 2021-04-02 v2.47 Cross-referencing by name of section
(/usr/local/texlive/2022/texmf-dist/tex/latex/refcount/refcount.sty
Package: refcount 2019/12/15 v3.6 Data extraction from label references (HO)
)
(/usr/local/texlive/2022/texmf-dist/tex/generic/gettitlestring/gettitlestring.s
ty
Package: gettitlestring 2019/12/15 v1.6 Cleanup title references (HO)
)
\c@section@level=\count320
)
LaTeX Info: Redefining \ref on input line 156.
LaTeX Info: Redefining \pageref on input line 156.
LaTeX Info: Redefining \nameref on input line 156.
LaTeX Font Info:    Trying to load font information for OT1+lmr on input line 1
58.
(/usr/local/texlive/2022/texmf-dist/tex/latex/lm/ot1lmr.fd
File: ot1lmr.fd 2015/05/01 v1.6.1 Font defs for Latin Modern
)
LaTeX Font Info:    Trying to load font information for OML+lmm on input line 1
58.
(/usr/local/texlive/2022/texmf-dist/tex/latex/lm/omllmm.fd
File: omllmm.fd 2015/05/01 v1.6.1 Font defs for Latin Modern
)
LaTeX Font Info:    Trying to load font information for OMS+lmsy on input line 
158.
(/usr/local/texlive/2022/texmf-dist/tex/latex/lm/omslmsy.fd
File: omslmsy.fd 2015/05/01 v1.6.1 Font defs for Latin Modern
)
LaTeX Font Info:    Trying to load font information for OMX+lmex on input line 
158.
(/usr/local/texlive/2022/texmf-dist/tex/latex/lm/omxlmex.fd
File: omxlmex.fd 2015/05/01 v1.6.1 Font defs for Latin Modern
)
LaTeX Font Info:    External font `lmex10' loaded for size
(Font)              <12> on input line 158.
LaTeX Font Info:    External font `lmex10' loaded for size
(Font)              <8> on input line 158.
LaTeX Font Info:    External font `lmex10' loaded for size
(Font)              <6> on input line 158.
LaTeX Font Info:    Trying to load font information for U+msa on input line 158
.
(/usr/local/texlive/2022/texmf-dist/tex/latex/amsfonts/umsa.fd
File: umsa.fd 2013/01/14 v3.01 AMS symbols A
) (/usr/local/texlive/2022/texmf-dist/tex/latex/microtype/mt-msa.cfg
File: mt-msa.cfg 2006/02/04 v1.1 microtype config. file: AMS symbols (a) (RS)
)
LaTeX Font Info:    Trying to load font information for U+msb on input line 158
.
(/usr/local/texlive/2022/texmf-dist/tex/latex/amsfonts/umsb.fd
File: umsb.fd 2013/01/14 v3.01 AMS symbols B
) (/usr/local/texlive/2022/texmf-dist/tex/latex/microtype/mt-msb.cfg
File: mt-msb.cfg 2005/06/01 v1.0 microtype config. file: AMS symbols (b) (RS)
) [1


{/usr/local/texlive/2022/texmf-var/fonts/map/pdftex/updmap/pdftex.map}] [2

] (./_main.toc
LaTeX Font Info:    External font `lmex10' loaded for size
(Font)              <10> on input line 2.
LaTeX Font Info:    External font `lmex10' loaded for size
(Font)              <7> on input line 2.
LaTeX Font Info:    External font `lmex10' loaded for size
(Font)              <5> on input line 2.
[3])
\tf@toc=\write4
\openout4 = `_main.toc'.

[4] [5

] [6]
Chapter 1.
[7

]
<_main_files/figure-latex/marginalutility-1.pdf, id=165, 466.74374pt x 324.2112
4pt>
File: _main_files/figure-latex/marginalutility-1.pdf Graphic file (type pdf)
<use _main_files/figure-latex/marginalutility-1.pdf>
Package pdftex.def Info: _main_files/figure-latex/marginalutility-1.pdf  used o
n input line 199.
(pdftex.def)             Requested size: 345.01462pt x 239.65532pt.
[8 <./_main_files/figure-latex/marginalutility-1.pdf>]
<./figures/popper.jpeg, id=181, 194.7275pt x 259.97125pt>
File: ./figures/popper.jpeg Graphic file (type jpg)
<use ./figures/popper.jpeg>
Package pdftex.def Info: ./figures/popper.jpeg  used on input line 211.
(pdftex.def)             Requested size: 194.727pt x 259.97061pt.
[9 <./figures/popper.jpeg>]
LaTeX Font Info:    Trying to load font information for T1+lmtt on input line 2
32.
(/usr/local/texlive/2022/texmf-dist/tex/latex/lm/t1lmtt.fd
File: t1lmtt.fd 2015/05/01 v1.6.1 Font defs for Latin Modern
) [10]
<./figures/version.jpeg, id=198, 602.25pt x 803.0pt>
File: ./figures/version.jpeg Graphic file (type jpg)
<use ./figures/version.jpeg>
Package pdftex.def Info: ./figures/version.jpeg  used on input line 236.
(pdftex.def)             Requested size: 345.0137pt x 460.01828pt.

Underfull \vbox (badness 10000) has occurred while \output is active []

[11] [12 <./figures/version.jpeg>] [13] [14

]
Chapter 2.
[15] [16] [17] [18] [19] [20]
Overfull \hbox (3.1183pt too wide) in paragraph at lines 444--445
[]\T1/lmr/m/n/10 (-20) Decreases in the util-ity pa-ram-e-ter $\OML/lmm/m/it/10
 $ \T1/lmr/m/n/10 (-20) as $[] \OT1/lmr/m/n/10 (-20) = \OMS/lmsy/m/n/10 ^^@[] 
[] \OML/lmm/m/it/10 <
 []

[21] [22] [23] [24] [25]
<./figures/brons.png, id=367, 412.54124pt x 315.1775pt>
File: ./figures/brons.png Graphic file (type png)
<use ./figures/brons.png>
Package pdftex.def Info: ./figures/brons.png  used on input line 590.
(pdftex.def)             Requested size: 412.56541pt x 315.19595pt.

Overfull \hbox (67.56541pt too wide) in paragraph at lines 590--590
[][] 
 []

[26] [27 <./figures/brons.png>]
<./figures/foodelasticities.png, id=383, 246.9225pt x 317.185pt>
File: ./figures/foodelasticities.png Graphic file (type png)
<use ./figures/foodelasticities.png>
Package pdftex.def Info: ./figures/foodelasticities.png  used on input line 598
.
(pdftex.def)             Requested size: 246.9407pt x 317.20839pt.
[28 <./figures/foodelasticities.png>] [29]
Overfull \hbox (7.85304pt too wide) detected at line 654
[]
 []

[30] [31] [32] [33] [34] [35] [36]
Overfull \hbox (54.82413pt too wide) detected at line 833
[][]\OML/lmm/m/it/10 C\OT1/lmr/m/n/10 (\OML/lmm/m/it/10 K[]; L[]\OT1/lmr/m/n/10
 ) = \OML/lmm/m/it/10 rK[] \OT1/lmr/m/n/10 + \OML/lmm/m/it/10 !L[] \OT1/lmr/m/n
/10 = [][] \OML/lmm/m/it/10 ![]r[] [] :
 []

[37]
Overfull \hbox (121.0332pt too wide) detected at line 850
[]
 []

[38] [39] [40] [41] [42]
<./figures/green.png, id=537, 219.82124pt x 487.8225pt>
File: ./figures/green.png Graphic file (type png)
<use ./figures/green.png>
Package pdftex.def Info: ./figures/green.png  used on input line 950.
(pdftex.def)             Requested size: 219.82404pt x 487.82874pt.
[43] [44 <./figures/green.png>] [45]
Overfull \hbox (1456.0539pt too wide) in paragraph at lines 1010--1102
 [][] 
 []


Overfull \hbox (216.02362pt too wide) in paragraph at lines 1133--1147
 [][] 
 []

[46] [47] [48] [49] [50] [51]
LaTeX Font Info:    Trying to load font information for TS1+lmr on input line 1
290.
(/usr/local/texlive/2022/texmf-dist/tex/latex/lm/ts1lmr.fd
File: ts1lmr.fd 2015/05/01 v1.6.1 Font defs for Latin Modern
) [52] [53]
Overfull \hbox (29.60864pt too wide) detected at line 1346
[][]\OML/lmm/m/it/10 L \OT1/lmr/m/n/10 = [] \OMS/lmsy/m/n/10 ^^@ [] \OT1/lmr/m/
n/10 + [] \OML/lmm/m/it/10 :
 []

[54] [55] [56] [57] [58]
Chapter 3.
[59

] [60] [61] [62]
Overfull \hbox (35.45554pt too wide) has occurred while \output is active
\T1/lmr/m/sl/10 3.2.  ARGUMENTS AGAINST NEO-CLASSICAL VALUATION AND RESPONSES \
T1/lmr/m/n/10 63
 []

[63] [64]
<./figures/cadario.png, id=754, 346.29375pt x 207.77625pt>
File: ./figures/cadario.png Graphic file (type png)
<use ./figures/cadario.png>
Package pdftex.def Info: ./figures/cadario.png  used on input line 1580.
(pdftex.def)             Requested size: 346.30873pt x 207.78523pt.

Overfull \hbox (1.30873pt too wide) in paragraph at lines 1580--1580
[][] 
 []


Overfull \hbox (35.45554pt too wide) has occurred while \output is active
\T1/lmr/m/sl/10 3.2.  ARGUMENTS AGAINST NEO-CLASSICAL VALUATION AND RESPONSES \
T1/lmr/m/n/10 65
 []

[65 <./figures/cadario.png>] [66]
Overfull \hbox (35.45554pt too wide) has occurred while \output is active
\T1/lmr/m/sl/10 3.2.  ARGUMENTS AGAINST NEO-CLASSICAL VALUATION AND RESPONSES \
T1/lmr/m/n/10 67
 []

[67] [68] [69] [70] [71] [72] [73] [74] [75] [76]
<./figures/beh_errors.png, id=881, 551.05875pt x 276.03125pt>
File: ./figures/beh_errors.png Graphic file (type png)
<use ./figures/beh_errors.png>
Package pdftex.def Info: ./figures/beh_errors.png  used on input line 1863.
(pdftex.def)             Requested size: 551.11624pt x 276.06004pt.

Overfull \hbox (206.11624pt too wide) in paragraph at lines 1863--1863
[][] 
 []

[77 <./figures/beh_errors.png>] [78]
<./figures/beh_errors2.png, id=899, 361.35pt x 332.24126pt>
File: ./figures/beh_errors2.png Graphic file (type png)
<use ./figures/beh_errors2.png>
Package pdftex.def Info: ./figures/beh_errors2.png  used on input line 1885.
(pdftex.def)             Requested size: 361.37117pt x 332.2607pt.

Overfull \hbox (16.37117pt too wide) in paragraph at lines 1885--1885
[][] 
 []

[79 <./figures/beh_errors2.png>]
<./figures/firmerror.png, id=910, 600.2425pt x 276.03125pt>
File: ./figures/firmerror.png Graphic file (type png)
<use ./figures/firmerror.png>
Package pdftex.def Info: ./figures/firmerror.png  used on input line 1905.
(pdftex.def)             Requested size: 600.30513pt x 276.06004pt.

Overfull \hbox (255.30513pt too wide) in paragraph at lines 1905--1905
[][] 
 []

[80] [81 <./figures/firmerror.png>] [82]
<./figures/losssurplus.png, id=937, 615.29875pt x 281.05pt>
File: ./figures/losssurplus.png Graphic file (type png)
<use ./figures/losssurplus.png>
Package pdftex.def Info: ./figures/losssurplus.png  used on input line 1964.
(pdftex.def)             Requested size: 615.3348pt x 281.06645pt.

Overfull \hbox (270.3348pt too wide) in paragraph at lines 1964--1964
[][] 
 []

[83] [84 <./figures/losssurplus.png>]
<./figures/nolosssurplus.png, id=958, 315.1775pt x 298.11375pt>
File: ./figures/nolosssurplus.png Graphic file (type png)
<use ./figures/nolosssurplus.png>
Package pdftex.def Info: ./figures/nolosssurplus.png  used on input line 1976.
(pdftex.def)             Requested size: 315.19595pt x 298.13121pt.
[85] [86 <./figures/nolosssurplus.png>] [87]
Overfull \hbox (487.36433pt too wide) in paragraph at lines 2025--2043
 [][] 
 []

[88]
<./figures/econsurplusexterrors.png, id=995, 466.74374pt x 353.32pt>
File: ./figures/econsurplusexterrors.png Graphic file (type png)
<use ./figures/econsurplusexterrors.png>
Package pdftex.def Info: ./figures/econsurplusexterrors.png  used on input line
 2058.
(pdftex.def)             Requested size: 466.74971pt x 353.32452pt.

Overfull \hbox (121.74971pt too wide) in paragraph at lines 2058--2058
[][] 
 []


Overfull \hbox (52.19035pt too wide) has occurred while \output is active
\T1/lmr/m/sl/10 3.6.  BEHAVIORAL ERRORS AND PRICING OF CONSUMPTION EXTERNALITIE
S \T1/lmr/m/n/10 89
 []

[89] [90 <./figures/econsurplusexterrors.png>]
<./figures/figure7.png, id=1012, 428.60126pt x 333.245pt>
File: ./figures/figure7.png Graphic file (type png)
<use ./figures/figure7.png>
Package pdftex.def Info: ./figures/figure7.png  used on input line 2068.
(pdftex.def)             Requested size: 428.62636pt x 333.2645pt.

Overfull \hbox (83.62636pt too wide) in paragraph at lines 2068--2068
[][] 
 []


Overfull \hbox (52.19035pt too wide) has occurred while \output is active
\T1/lmr/m/sl/10 3.6.  BEHAVIORAL ERRORS AND PRICING OF CONSUMPTION EXTERNALITIE
S \T1/lmr/m/n/10 91
 []

[91 <./figures/figure7.png>] [92] [93] [94

]
Chapter 4.
LaTeX Font Info:    External font `lmex10' loaded for size
(Font)              <24.88> on input line 2109.
LaTeX Font Info:    External font `lmex10' loaded for size
(Font)              <20.74> on input line 2109.
LaTeX Font Info:    External font `lmex10' loaded for size
(Font)              <17.28> on input line 2109.
[95] [96]
Underfull \vbox (badness 5077) has occurred while \output is active []


Overfull \hbox (37.67567pt too wide) has occurred while \output is active
\T1/lmr/m/sl/10 4.2.  DEALING WITH MORAL CONSIDERATIONS AT THE VALUATION STAGE 
\T1/lmr/m/n/10 97
 []

[97] [98]
Overfull \hbox (37.67567pt too wide) has occurred while \output is active
\T1/lmr/m/sl/10 4.2.  DEALING WITH MORAL CONSIDERATIONS AT THE VALUATION STAGE 
\T1/lmr/m/n/10 99
 []

[99]
Overfull \hbox (3.92883pt too wide) has occurred while \output is active
\T1/lmr/m/n/10 100 \T1/lmr/m/sl/10 CHAPTER 4.  MORAL CONSIDERATIONS AND ECONOMI
C SURPLUS 
 []

[100]
Overfull \hbox (42.67567pt too wide) has occurred while \output is active
\T1/lmr/m/sl/10 4.2.  DEALING WITH MORAL CONSIDERATIONS AT THE VALUATION STAGE 
\T1/lmr/m/n/10 101
 []

[101]
Underfull \vbox (badness 2359) has occurred while \output is active []


Overfull \hbox (3.92883pt too wide) has occurred while \output is active
\T1/lmr/m/n/10 102 \T1/lmr/m/sl/10 CHAPTER 4.  MORAL CONSIDERATIONS AND ECONOMI
C SURPLUS 
 []

[102] [103]
Overfull \hbox (3.92883pt too wide) has occurred while \output is active
\T1/lmr/m/n/10 104 \T1/lmr/m/sl/10 CHAPTER 4.  MORAL CONSIDERATIONS AND ECONOMI
C SURPLUS 
 []

[104]
Overfull \hbox (1664.03676pt too wide) in paragraph at lines 2302--2319
 [][] 
 []

[105]
<./figures/moralconsiderations.png, id=1152, 295.1025pt x 262.9825pt>
File: ./figures/moralconsiderations.png Graphic file (type png)
<use ./figures/moralconsiderations.png>
Package pdftex.def Info: ./figures/moralconsiderations.png  used on input line 
2334.
(pdftex.def)             Requested size: 295.11526pt x 262.99387pt.

Overfull \hbox (3.92883pt too wide) has occurred while \output is active
\T1/lmr/m/n/10 106 \T1/lmr/m/sl/10 CHAPTER 4.  MORAL CONSIDERATIONS AND ECONOMI
C SURPLUS 
 []

[106 <./figures/moralconsiderations.png>]
Overfull \hbox (2426.37015pt too wide) in paragraph at lines 2361--2379
 [][] 
 []

[107]
<./figures/psmoral.png, id=1169, 275.0275pt x 255.95625pt>
File: ./figures/psmoral.png Graphic file (type png)
<use ./figures/psmoral.png>
Package pdftex.def Info: ./figures/psmoral.png  used on input line 2390.
(pdftex.def)             Requested size: 275.02682pt x 255.95561pt.

Overfull \hbox (3.92883pt too wide) has occurred while \output is active
\T1/lmr/m/n/10 108 \T1/lmr/m/sl/10 CHAPTER 4.  MORAL CONSIDERATIONS AND ECONOMI
C SURPLUS 
 []

[108] [109 <./figures/psmoral.png>]
<./figures/moralloss.png, id=1188, 271.0125pt x 239.89626pt>
File: ./figures/moralloss.png Graphic file (type png)
<use ./figures/moralloss.png>
Package pdftex.def Info: ./figures/moralloss.png  used on input line 2410.
(pdftex.def)             Requested size: 271.01596pt x 239.8993pt.

Overfull \hbox (3.92883pt too wide) has occurred while \output is active
\T1/lmr/m/n/10 110 \T1/lmr/m/sl/10 CHAPTER 4.  MORAL CONSIDERATIONS AND ECONOMI
C SURPLUS 
 []

[110 <./figures/moralloss.png>] [111]
Overfull \hbox (1008.15375pt too wide) in paragraph at lines 2469--2486
 [][] 
 []


Overfull \hbox (3.92883pt too wide) has occurred while \output is active
\T1/lmr/m/n/10 112 \T1/lmr/m/sl/10 CHAPTER 4.  MORAL CONSIDERATIONS AND ECONOMI
C SURPLUS 
 []

[112] [113]
Overfull \hbox (3.92883pt too wide) has occurred while \output is active
\T1/lmr/m/n/10 114 \T1/lmr/m/sl/10 CHAPTER 4.  MORAL CONSIDERATIONS AND ECONOMI
C SURPLUS 
 []

[114] [115]
Overfull \hbox (3.92883pt too wide) has occurred while \output is active
\T1/lmr/m/n/10 116 \T1/lmr/m/sl/10 CHAPTER 4.  MORAL CONSIDERATIONS AND ECONOMI
C SURPLUS 
 []

[116

]
Chapter 5.

LaTeX Warning: Reference `secstatframe' on page 117 undefined on input line 255
7.

[117]
LaTeX Font Info:    Font shape `T1/lmtt/bx/n' in size <12> not available
(Font)              Font shape `T1/lmtt/b/n' tried instead on input line 2588.
[118]
LaTeX Font Info:    Font shape `T1/lmtt/bx/n' in size <10> not available
(Font)              Font shape `T1/lmtt/b/n' tried instead on input line 2604.

Overfull \hbox (258.74825pt too wide) in paragraph at lines 2646--2646
[]\T1/lmtt/m/n/10 -------------------------------------------------------------
------------------------------------------------------[] 
 []


Overfull \hbox (258.74825pt too wide) in paragraph at lines 2646--2646
[]\T1/lmtt/m/n/10 -------------------------------------------------------------
------------------------------------------------------[] 
 []

[119]
Overfull \hbox (258.74825pt too wide) in paragraph at lines 2646--2646
[]\T1/lmtt/m/n/10 -------------------------------------------------------------
------------------------------------------------------[] 
 []


Overfull \hbox (27.74892pt too wide) in paragraph at lines 2663--2663
[]    \T1/lmtt/m/n/10 Variable |        Obs        Mean    Std. dev.       Min 
       Max[] 
 []


Overfull \hbox (27.74892pt too wide) in paragraph at lines 2663--2663
[]\T1/lmtt/m/n/10 -------------+-----------------------------------------------
----------[] 
 []


Overfull \hbox (27.74892pt too wide) in paragraph at lines 2663--2663
[]     \T1/lmtt/m/n/10 testscr |        420    654.1565    19.05335     605.55 
    706.75[] 
 []


Overfull \hbox (27.74892pt too wide) in paragraph at lines 2663--2663
[]         \T1/lmtt/m/n/10 str |        420    19.64043    1.891812         14 
      25.8[] 
 []

<./figures/scatter.png, id=1286, 662.475pt x 481.8pt>
File: ./figures/scatter.png Graphic file (type png)
<use ./figures/scatter.png>
Package pdftex.def Info: ./figures/scatter.png  used on input line 2676.
(pdftex.def)             Requested size: 662.49359pt x 481.8135pt.

Overfull \hbox (317.49359pt too wide) in paragraph at lines 2676--2676
[][] 
 []

[120] [121 <./figures/scatter.png>] [122]
Overfull \vbox (0.91368pt too high) has occurred while \output is active []

[123]
Overfull \hbox (64.49881pt too wide) in paragraph at lines 2850--2850
[]\T1/lmtt/m/n/10 -------------------------------------------------------------
-----------------[] 
 []


Overfull \hbox (64.49881pt too wide) in paragraph at lines 2850--2850
[]   \T1/lmtt/m/n/10 Group |     Obs        Mean    Std. err.   Std. dev.   [95
% conf. interval][] 
 []


Overfull \hbox (64.49881pt too wide) in paragraph at lines 2850--2850
[]\T1/lmtt/m/n/10 ---------+---------------------------------------------------
-----------------[] 
 []


Overfull \hbox (64.49881pt too wide) in paragraph at lines 2850--2850
[]       \T1/lmtt/m/n/10 0 |     238    657.3513    1.254794    19.35801    654
.8793    659.8232[] 
 []


Overfull \hbox (64.49881pt too wide) in paragraph at lines 2850--2850
[]       \T1/lmtt/m/n/10 1 |     182    649.9788    1.323379    17.85336    647
.3676    652.5901[] 
 []


Overfull \hbox (64.49881pt too wide) in paragraph at lines 2850--2850
[]\T1/lmtt/m/n/10 ---------+---------------------------------------------------
-----------------[] 
 []


Overfull \hbox (64.49881pt too wide) in paragraph at lines 2850--2850
[]\T1/lmtt/m/n/10 Combined |     420    654.1565    .9297082    19.05335    652
.3291     655.984[] 
 []


Overfull \hbox (64.49881pt too wide) in paragraph at lines 2850--2850
[]\T1/lmtt/m/n/10 ---------+---------------------------------------------------
-----------------[] 
 []


Overfull \hbox (64.49881pt too wide) in paragraph at lines 2850--2850
[]    \T1/lmtt/m/n/10 diff |             7.37241    1.823689                3.7
87296    10.95752[] 
 []


Overfull \hbox (64.49881pt too wide) in paragraph at lines 2850--2850
[]\T1/lmtt/m/n/10 -------------------------------------------------------------
-----------------[] 
 []


Overfull \hbox (64.49881pt too wide) in paragraph at lines 2850--2850
[]    \T1/lmtt/m/n/10 diff = mean(0) - mean(1)                                 
     t =   4.0426[] 
 []

LaTeX Font Info:    Trying to load font information for TS1+lmtt on input line 
2850.
(/usr/local/texlive/2022/texmf-dist/tex/latex/lm/ts1lmtt.fd
File: ts1lmtt.fd 2015/05/01 v1.6.1 Font defs for Latin Modern
)
Overfull \hbox (64.49881pt too wide) in paragraph at lines 2850--2850
[]\T1/lmtt/m/n/10 H0: diff = 0                     Satterthwaite\TS1/lmtt/m/n/1
0 '\T1/lmtt/m/n/10 s degrees of freedom =  403.607[] 
 []


Overfull \hbox (48.74886pt too wide) in paragraph at lines 2850--2850
[]    \T1/lmtt/m/n/10 Ha: diff < 0                 Ha: diff != 0               
  Ha: diff > 0[] 
 []


Overfull \hbox (64.49881pt too wide) in paragraph at lines 2850--2850
[] \T1/lmtt/m/n/10 Pr(T < t) = 1.0000         Pr(|T| > |t|) = 0.0001          P
r(T > t) = 0.0000[] 
 []

[124]

LaTeX Warning: Reference `(' on page 125 undefined on input line 2866.

<./figures/Galton2.png, id=1344, 505.89pt x 505.89pt>
File: ./figures/Galton2.png Graphic file (type png)
<use ./figures/Galton2.png>
Package pdftex.def Info: ./figures/Galton2.png  used on input line 2869.
(pdftex.def)             Requested size: 505.89645pt x 505.89645pt.

Overfull \hbox (160.89645pt too wide) in paragraph at lines 2869--2869
[][] 
 []

<./figures/Galton1.png, id=1346, 505.89pt x 505.89pt>
File: ./figures/Galton1.png Graphic file (type png)
<use ./figures/Galton1.png>
Package pdftex.def Info: ./figures/Galton1.png  used on input line 2875.
(pdftex.def)             Requested size: 505.89645pt x 505.89645pt.

Overfull \hbox (160.89645pt too wide) in paragraph at lines 2875--2875
[][] 
 []

[125] [126 <./figures/Galton2.png>] [127 <./figures/Galton1.png>]
Underfull \vbox (badness 1571) has occurred while \output is active []

[128]
<./figures/Lecture1_sheet8.png, id=1381, 446.96216pt x 380.80731pt>
File: ./figures/Lecture1_sheet8.png Graphic file (type png)
<use ./figures/Lecture1_sheet8.png>
Package pdftex.def Info: ./figures/Lecture1_sheet8.png  used on input line 2960
.
(pdftex.def)             Requested size: 446.98833pt x 380.82962pt.

Overfull \hbox (101.98833pt too wide) in paragraph at lines 2960--2960
[][] 
 []

[129] [130 <./figures/Lecture1_sheet8.png>]
<./figures/Lecture1_sheet13.jpg, id=1401, 426.393pt x 237.5274pt>
File: ./figures/Lecture1_sheet13.jpg Graphic file (type jpg)
<use ./figures/Lecture1_sheet13.jpg>
Package pdftex.def Info: ./figures/Lecture1_sheet13.jpg  used on input line 298
5.
(pdftex.def)             Requested size: 345.01208pt x 192.19316pt.
[131 <./figures/Lecture1_sheet13.jpg>]
Overfull \hbox (64.49881pt too wide) in paragraph at lines 3012--3012
[]\T1/lmtt/m/n/10 Linear regression                               Number of obs
     =        420[] 
 []


Overfull \hbox (64.49881pt too wide) in paragraph at lines 3012--3012
[]                                                \T1/lmtt/m/n/10 F(1, 418)    
     =      19.26[] 
 []


Overfull \hbox (64.49881pt too wide) in paragraph at lines 3012--3012
[]                                                \T1/lmtt/m/n/10 Prob > F     
     =     0.0000[] 
 []


Overfull \hbox (64.49881pt too wide) in paragraph at lines 3012--3012
[]                                                \T1/lmtt/m/n/10 R-squared    
     =     0.0512[] 
 []


Overfull \hbox (64.49881pt too wide) in paragraph at lines 3012--3012
[]                                                \T1/lmtt/m/n/10 Root MSE     
     =     18.581[] 
 []


Overfull \hbox (64.49881pt too wide) in paragraph at lines 3012--3012
[]\T1/lmtt/m/n/10 -------------------------------------------------------------
-----------------[] 
 []


Overfull \hbox (64.49881pt too wide) in paragraph at lines 3012--3012
[]     \T1/lmtt/m/n/10 testscr | Coefficient  std. err.      t    P>|t|     [95
% conf. interval][] 
 []


Overfull \hbox (64.49881pt too wide) in paragraph at lines 3012--3012
[]\T1/lmtt/m/n/10 -------------+-----------------------------------------------
-----------------[] 
 []


Overfull \hbox (64.49881pt too wide) in paragraph at lines 3012--3012
[]         \T1/lmtt/m/n/10 str |  -2.279808   .5194892    -4.39   0.000    -3.3
00945   -1.258671[] 
 []


Overfull \hbox (64.49881pt too wide) in paragraph at lines 3012--3012
[]       \T1/lmtt/m/n/10 _cons |    698.933   10.36436    67.44   0.000     678
.5602    719.3057[] 
 []


Overfull \hbox (64.49881pt too wide) in paragraph at lines 3012--3012
[]\T1/lmtt/m/n/10 -------------------------------------------------------------
-----------------[] 
 []

[132] [133]
<./figures/lecture_sheet9.jpg, id=1426, 452.69125pt x 395.4775pt>
File: ./figures/lecture_sheet9.jpg Graphic file (type jpg)
<use ./figures/lecture_sheet9.jpg>
Package pdftex.def Info: ./figures/lecture_sheet9.jpg  used on input line 3071.

(pdftex.def)             Requested size: 344.99525pt x 301.39275pt.
[134 <./figures/lecture_sheet9.jpg>]

LaTeX Warning: Reference `fig:significance' on page 135 undefined on input line
 3090.

<./figures/significance.jpg, id=1434, 1176.395pt x 833.1125pt>
File: ./figures/significance.jpg Graphic file (type jpg)
<use ./figures/significance.jpg>
Package pdftex.def Info: ./figures/significance.jpg  used on input line 3092.
(pdftex.def)             Requested size: 344.98718pt x 244.31686pt.

Underfull \hbox (badness 10000) in paragraph at lines 3092--3094
[][]
 []


Underfull \vbox (badness 10000) has occurred while \output is active []

[135]
Overfull \hbox (64.49881pt too wide) in paragraph at lines 3123--3123
[]\T1/lmtt/m/n/10 Linear regression                               Number of obs
     =        420[] 
 []


Overfull \hbox (64.49881pt too wide) in paragraph at lines 3123--3123
[]                                                \T1/lmtt/m/n/10 F(1, 418)    
     =      19.26[] 
 []


Overfull \hbox (64.49881pt too wide) in paragraph at lines 3123--3123
[]                                                \T1/lmtt/m/n/10 Prob > F     
     =     0.0000[] 
 []


Overfull \hbox (64.49881pt too wide) in paragraph at lines 3123--3123
[]                                                \T1/lmtt/m/n/10 R-squared    
     =     0.0512[] 
 []


Overfull \hbox (64.49881pt too wide) in paragraph at lines 3123--3123
[]                                                \T1/lmtt/m/n/10 Root MSE     
     =     18.581[] 
 []

[136 <./figures/significance.jpg>]
Overfull \hbox (64.49881pt too wide) in paragraph at lines 3123--3123
[]\T1/lmtt/m/n/10 -------------------------------------------------------------
-----------------[] 
 []


Overfull \hbox (64.49881pt too wide) in paragraph at lines 3123--3123
[]     \T1/lmtt/m/n/10 testscr | Coefficient  std. err.      t    P>|t|     [99
% conf. interval][] 
 []


Overfull \hbox (64.49881pt too wide) in paragraph at lines 3123--3123
[]\T1/lmtt/m/n/10 -------------+-----------------------------------------------
-----------------[] 
 []


Overfull \hbox (64.49881pt too wide) in paragraph at lines 3123--3123
[]         \T1/lmtt/m/n/10 str |  -2.279808   .5194892    -4.39   0.000    -3.6
24061    -.935556[] 
 []


Overfull \hbox (64.49881pt too wide) in paragraph at lines 3123--3123
[]       \T1/lmtt/m/n/10 _cons |    698.933   10.36436    67.44   0.000     672
.1137    725.7522[] 
 []


Overfull \hbox (64.49881pt too wide) in paragraph at lines 3123--3123
[]\T1/lmtt/m/n/10 -------------------------------------------------------------
-----------------[] 
 []

[137]
<./figures/Lecture1_sheet25.jpg, id=1460, 413.3844pt x 221.1462pt>
File: ./figures/Lecture1_sheet25.jpg Graphic file (type jpg)
<use ./figures/Lecture1_sheet25.jpg>
Package pdftex.def Info: ./figures/Lecture1_sheet25.jpg  used on input line 317
9.
(pdftex.def)             Requested size: 345.00127pt x 184.56361pt.

Underfull \vbox (badness 10000) has occurred while \output is active []

[138 <./figures/Lecture1_sheet25.jpg>]
<./figures/Lecture1_sheet29.jpg, id=1470, 387.849pt x 288.5982pt>
File: ./figures/Lecture1_sheet29.jpg Graphic file (type jpg)
<use ./figures/Lecture1_sheet29.jpg>
Package pdftex.def Info: ./figures/Lecture1_sheet29.jpg  used on input line 320
6.
(pdftex.def)             Requested size: 345.00105pt x 256.71507pt.
<./figures/Sheet21.png, id=1471, 683.6742pt x 364.7226pt>
File: ./figures/Sheet21.png Graphic file (type png)
<use ./figures/Sheet21.png>
Package pdftex.def Info: ./figures/Sheet21.png  used on input line 3223.
(pdftex.def)             Requested size: 683.67252pt x 364.7217pt.

Overfull \hbox (338.67252pt too wide) in paragraph at lines 3223--3223
[][] 
 []

[139] [140 <./figures/Lecture1_sheet29.jpg>] [141 <./figures/Sheet21.png>]
<./figures/Sheet22.png, id=1496, 696.201pt x 372.4314pt>
File: ./figures/Sheet22.png Graphic file (type png)
<use ./figures/Sheet22.png>
Package pdftex.def Info: ./figures/Sheet22.png  used on input line 3229.
(pdftex.def)             Requested size: 696.24178pt x 372.4532pt.

Overfull \hbox (351.24178pt too wide) in paragraph at lines 3229--3229
[][] 
 []

<./figures/Sheet23.png, id=1498, 470.2368pt x 314.1336pt>
File: ./figures/Sheet23.png Graphic file (type png)
<use ./figures/Sheet23.png>
Package pdftex.def Info: ./figures/Sheet23.png  used on input line 3235.
(pdftex.def)             Requested size: 470.24281pt x 314.13762pt.

Overfull \hbox (125.24281pt too wide) in paragraph at lines 3235--3235
[][] 
 []

[142 <./figures/Sheet22.png>] [143 <./figures/Sheet23.png>]
<./figures/Sheet24.png, id=1512, 621.522pt x 337.7418pt>
File: ./figures/Sheet24.png Graphic file (type png)
<use ./figures/Sheet24.png>
Package pdftex.def Info: ./figures/Sheet24.png  used on input line 3241.
(pdftex.def)             Requested size: 621.55843pt x 337.76158pt.

Overfull \hbox (276.55843pt too wide) in paragraph at lines 3241--3241
[][] 
 []

[144 <./figures/Sheet24.png>] [145] [146]
Overfull \hbox (64.49881pt too wide) in paragraph at lines 3356--3356
[]\T1/lmtt/m/n/10 Linear regression                               Number of obs
     =        420[] 
 []


Overfull \hbox (64.49881pt too wide) in paragraph at lines 3356--3356
[]                                                \T1/lmtt/m/n/10 F(1, 418)    
     =      19.26[] 
 []


Overfull \hbox (64.49881pt too wide) in paragraph at lines 3356--3356
[]                                                \T1/lmtt/m/n/10 Prob > F     
     =     0.0000[] 
 []


Overfull \hbox (64.49881pt too wide) in paragraph at lines 3356--3356
[]                                                \T1/lmtt/m/n/10 R-squared    
     =     0.0512[] 
 []


Overfull \hbox (64.49881pt too wide) in paragraph at lines 3356--3356
[]                                                \T1/lmtt/m/n/10 Root MSE     
     =     18.581[] 
 []


Overfull \hbox (64.49881pt too wide) in paragraph at lines 3356--3356
[]\T1/lmtt/m/n/10 -------------------------------------------------------------
-----------------[] 
 []


Overfull \hbox (64.49881pt too wide) in paragraph at lines 3356--3356
[]     \T1/lmtt/m/n/10 testscr | Coefficient  std. err.      t    P>|t|     [95
% conf. interval][] 
 []


Overfull \hbox (64.49881pt too wide) in paragraph at lines 3356--3356
[]\T1/lmtt/m/n/10 -------------+-----------------------------------------------
-----------------[] 
 []


Overfull \hbox (64.49881pt too wide) in paragraph at lines 3356--3356
[]         \T1/lmtt/m/n/10 str |  -2.279808   .5194892    -4.39   0.000    -3.3
00945   -1.258671[] 
 []


Overfull \hbox (64.49881pt too wide) in paragraph at lines 3356--3356
[]       \T1/lmtt/m/n/10 _cons |    698.933   10.36436    67.44   0.000     678
.5602    719.3057[] 
 []


Overfull \hbox (64.49881pt too wide) in paragraph at lines 3356--3356
[]\T1/lmtt/m/n/10 -------------------------------------------------------------
-----------------[] 
 []

[147] [148

]
Chapter 6.
[149] [150

]
Chapter 7.
[151] [152

]
Chapter 8.
[153] [154] [155] [156]
Appendix A.
[157

]
Overfull \hbox (22.0748pt too wide) has occurred while \output is active
\T1/lmr/m/n/10 158 \T1/lmr/m/sl/10 APPENDIX A.  TAXATION IN THE PRESENCE OF BEH
AVIOURAL ERROR
 []

[158]
Appendix B.
[159

]

LaTeX Warning: Reference `MORAL' on page 160 undefined on input line 3671.

[160]
Appendix C.
[161

] [162]
<./figures/Sheet27.png, id=1745, 486.1362pt x 518.8986pt>
File: ./figures/Sheet27.png Graphic file (type png)
<use ./figures/Sheet27.png>
Package pdftex.def Info: ./figures/Sheet27.png  used on input line 3743.
(pdftex.def)             Requested size: 486.14984pt x 518.91315pt.

Overfull \hbox (141.14984pt too wide) in paragraph at lines 3743--3743
[][] 
 []


LaTeX Warning: Float too large for page by 4.85759pt on input line 3744.

[163] [164 <./figures/Sheet27.png>]
Underfull \vbox (badness 1701) has occurred while \output is active []

[165]
<./figures/coin1.png, id=1770, 662.475pt x 481.8pt>
File: ./figures/coin1.png Graphic file (type png)
<use ./figures/coin1.png>
Package pdftex.def Info: ./figures/coin1.png  used on input line 3804.
(pdftex.def)             Requested size: 662.49359pt x 481.8135pt.

Overfull \hbox (317.49359pt too wide) in paragraph at lines 3804--3804
[][] 
 []

[166] [167 <./figures/coin1.png>]
<./figures/coin100.png, id=1788, 662.475pt x 481.8pt>
File: ./figures/coin100.png Graphic file (type png)
<use ./figures/coin100.png>
Package pdftex.def Info: ./figures/coin100.png  used on input line 3821.
(pdftex.def)             Requested size: 662.49359pt x 481.8135pt.

Overfull \hbox (317.49359pt too wide) in paragraph at lines 3821--3821
[][] 
 []


Underfull \hbox (badness 10000) in paragraph at lines 3849--3851

 []

[168] [169 <./figures/coin100.png>] (./_main.aux)

LaTeX Warning: There were undefined references.

 ) 
Here is how much of TeX's memory you used:
 17175 strings out of 478268
 278110 string characters out of 5846347
 603150 words of memory out of 5000000
 33709 multiletter control sequences out of 15000+600000
 593550 words of font info for 318 fonts, out of 8000000 for 9000
 1141 hyphenation exceptions out of 8191
 74i,22n,77p,2028b,520s stack positions out of 10000i,1000n,20000p,200000b,200000s
{/usr/local/texlive/2022/texmf-dist/fonts/enc/dvips/lm/lm-rm.enc}{/usr/local/
texlive/2022/texmf-dist/fonts/enc/dvips/lm/lm-mathit.enc}{/usr/local/texlive/20
22/texmf-dist/fonts/enc/dvips/lm/lm-ts1.enc}{/usr/local/texlive/2022/texmf-dist
/fonts/enc/dvips/lm/lm-ec.enc}{/usr/local/texlive/2022/texmf-dist/fonts/enc/dvi
ps/lm/lm-mathsy.enc}{/usr/local/texlive/2022/texmf-dist/fonts/enc/dvips/lm/lm-m
athex.enc}</usr/local/texlive/2022/texmf-dist/fonts/type1/public/lm/lmbx10.pfb>
</usr/local/texlive/2022/texmf-dist/fonts/type1/public/lm/lmbx12.pfb></usr/loca
l/texlive/2022/texmf-dist/fonts/type1/public/lm/lmbxi10.pfb></usr/local/texlive
/2022/texmf-dist/fonts/type1/public/lm/lmex10.pfb></usr/local/texlive/2022/texm
f-dist/fonts/type1/public/lm/lmmi10.pfb></usr/local/texlive/2022/texmf-dist/fon
ts/type1/public/lm/lmmi12.pfb></usr/local/texlive/2022/texmf-dist/fonts/type1/p
ublic/lm/lmmi5.pfb></usr/local/texlive/2022/texmf-dist/fonts/type1/public/lm/lm
mi6.pfb></usr/local/texlive/2022/texmf-dist/fonts/type1/public/lm/lmmi7.pfb></u
sr/local/texlive/2022/texmf-dist/fonts/type1/public/lm/lmmi8.pfb></usr/local/te
xlive/2022/texmf-dist/fonts/type1/public/lm/lmr10.pfb></usr/local/texlive/2022/
texmf-dist/fonts/type1/public/lm/lmr12.pfb></usr/local/texlive/2022/texmf-dist/
fonts/type1/public/lm/lmr17.pfb></usr/local/texlive/2022/texmf-dist/fonts/type1
/public/lm/lmr5.pfb></usr/local/texlive/2022/texmf-dist/fonts/type1/public/lm/l
mr6.pfb></usr/local/texlive/2022/texmf-dist/fonts/type1/public/lm/lmr7.pfb></us
r/local/texlive/2022/texmf-dist/fonts/type1/public/lm/lmr8.pfb></usr/local/texl
ive/2022/texmf-dist/fonts/type1/public/lm/lmri10.pfb></usr/local/texlive/2022/t
exmf-dist/fonts/type1/public/lm/lmri8.pfb></usr/local/texlive/2022/texmf-dist/f
onts/type1/public/lm/lmro10.pfb></usr/local/texlive/2022/texmf-dist/fonts/type1
/public/lm/lmsy10.pfb></usr/local/texlive/2022/texmf-dist/fonts/type1/public/lm
/lmsy5.pfb></usr/local/texlive/2022/texmf-dist/fonts/type1/public/lm/lmsy7.pfb>
</usr/local/texlive/2022/texmf-dist/fonts/type1/public/lm/lmtk10.pfb></usr/loca
l/texlive/2022/texmf-dist/fonts/type1/public/lm/lmtt10.pfb></usr/local/texlive/
2022/texmf-dist/fonts/type1/public/amsfonts/symbols/msbm10.pfb>
Output written on _main.pdf (169 pages, 4284129 bytes).
PDF statistics:
 2298 PDF objects out of 2487 (max. 8388607)
 1987 compressed objects within 20 object streams
 902 named destinations out of 1000 (max. 500000)
 64110 words of extra memory for PDF output out of 74296 (max. 10000000)

